{
    "recentErrors":  [
                         "{\"0\":\"\\u001b[38;2;226;61;45m[tools] browser failed: 400: {\\\"error\\\":\\\"ref is required\\\"}\\u001b[39m\",\"_meta\":{\"runtime\":\"node\",\"runtimeVersion\":\"22.14.0\",\"hostname\":\"DESKTOP-O6IL62J\",\"name\":\"clawdbot\",\"date\":\"2026-02-01T00:45:54.830Z\",\"logLevelId\":5,\"logLevelName\":\"ERROR\",\"path\":{\"fullFilePath\":\"file:///C:/Users/Fsuels/AppData/Roaming/npm/node_modules/clawdbot/dist/logging/console.js:187:32\",\"fileName\":\"console.js\",\"fileNameWithLine\":\"console.js:187\",\"fileColumn\":\"32\",\"fileLine\":\"187\",\"filePath\":\"/C:/Users/Fsuels/AppData/Roaming/npm/node_modules/clawdbot/dist/logging/console.js\",\"filePathWithLine\":\"/C:/Users/Fsuels/AppData/Roaming/npm/node_modules/clawdbot/dist/logging/console.js:187\",\"method\":\"console.error\"}},\"time\":\"2026-02-01T00:45:54.831Z\"}",
                         "{\"0\":\"[tools] browser failed: 400: {\\\"error\\\":\\\"ref is required\\\"}\",\"_meta\":{\"runtime\":\"node\",\"runtimeVersion\":\"22.14.0\",\"hostname\":\"DESKTOP-O6IL62J\",\"name\":\"clawdbot\",\"date\":\"2026-02-01T00:45:54.833Z\",\"logLevelId\":5,\"logLevelName\":\"ERROR\",\"path\":{\"fullFilePath\":\"file:///C:/Users/Fsuels/AppData/Roaming/npm/node_modules/clawdbot/dist/logger.js:47:17\",\"fileName\":\"logger.js\",\"fileNameWithLine\":\"logger.js:47\",\"fileColumn\":\"17\",\"fileLine\":\"47\",\"filePath\":\"/C:/Users/Fsuels/AppData/Roaming/npm/node_modules/clawdbot/dist/logger.js\",\"filePathWithLine\":\"/C:/Users/Fsuels/AppData/Roaming/npm/node_modules/clawdbot/dist/logger.js:47\",\"method\":\"logError\"}},\"time\":\"2026-02-01T00:45:54.834Z\"}",
                         "{\"0\":\"\\u001b[38;2;226;61;45m[tools] exec failed: File \\\"\u003cstring\u003e\\\", line 8\\u001b[39m\\r\\n\\u001b[38;2;226;61;45m    print(f\u0027{tid}: {t.get(\\\" title\\\\,\\u001b[39m\\r\\n\\u001b[38;2;226;61;45m                          ^\\u001b[39m\\r\\n\\u001b[38;2;226;61;45mSyntaxError: unterminated string literal (detected at line 8)\\u001b[39m\\n\\u001b[38;2;226;61;45m\\u001b[39m\\n\\u001b[38;2;226;61;45mCommand exited with code 1\\u001b[39m\",\"_meta\":{\"runtime\":\"node\",\"runtimeVersion\":\"22.14.0\",\"hostname\":\"DESKTOP-O6IL62J\",\"name\":\"clawdbot\",\"date\":\"2026-02-01T00:51:09.791Z\",\"logLevelId\":5,\"logLevelName\":\"ERROR\",\"path\":{\"fullFilePath\":\"file:///C:/Users/Fsuels/AppData/Roaming/npm/node_modules/clawdbot/dist/logging/console.js:187:32\",\"fileName\":\"console.js\",\"fileNameWithLine\":\"console.js:187\",\"fileColumn\":\"32\",\"fileLine\":\"187\",\"filePath\":\"/C:/Users/Fsuels/AppData/Roaming/npm/node_modules/clawdbot/dist/logging/console.js\",\"filePathWithLine\":\"/C:/Users/Fsuels/AppData/Roaming/npm/node_modules/clawdbot/dist/logging/console.js:187\",\"method\":\"console.error\"}},\"time\":\"2026-02-01T00:51:09.791Z\"}",
                         "{\"0\":\"[tools] exec failed: File \\\"\u003cstring\u003e\\\", line 8\\r\\n    print(f\u0027{tid}: {t.get(\\\" title\\\\,\\r\\n                          ^\\r\\nSyntaxError: unterminated string literal (detected at line 8)\\n\\nCommand exited with code 1\",\"_meta\":{\"runtime\":\"node\",\"runtimeVersion\":\"22.14.0\",\"hostname\":\"DESKTOP-O6IL62J\",\"name\":\"clawdbot\",\"date\":\"2026-02-01T00:51:09.793Z\",\"logLevelId\":5,\"logLevelName\":\"ERROR\",\"path\":{\"fullFilePath\":\"file:///C:/Users/Fsuels/AppData/Roaming/npm/node_modules/clawdbot/dist/logger.js:47:17\",\"fileName\":\"logger.js\",\"fileNameWithLine\":\"logger.js:47\",\"fileColumn\":\"17\",\"fileLine\":\"47\",\"filePath\":\"/C:/Users/Fsuels/AppData/Roaming/npm/node_modules/clawdbot/dist/logger.js\",\"filePathWithLine\":\"/C:/Users/Fsuels/AppData/Roaming/npm/node_modules/clawdbot/dist/logger.js:47\",\"method\":\"logError\"}},\"time\":\"2026-02-01T00:51:09.793Z\"}",
                         "{\"0\":\"\\u001b[38;2;226;61;45m[tools] exec failed: dir : Second path fragment must not be a drive or UNC name.\\u001b[39m\\r\\n\\u001b[38;2;226;61;45mParameter name: path2\\u001b[39m\\r\\n\\u001b[38;2;226;61;45mAt line:1 char:1\\u001b[39m\\r\\n\\u001b[38;2;226;61;45m+ dir \\\"ghost-broker\\\\website\\\\images\\\" /b\\u001b[39m\\r\\n\\u001b[38;2;226;61;45m+ ~~~~~~~~~~~~~~~~~~~~~~~~~~~~~~~~~~~~\\u001b[39m\\r\\n\\u001b[38;2;226;61;45m    + CategoryInfo          : InvalidArgument: (C:\\\\dev\\\\FsuelsBo...\\\\website\\\\images:String) [Get-ChildItem], ArgumentExc \\u001b[39m\\r\\n\\u001b[38;2;226;61;45m   eption\\u001b[39m\\r\\n\\u001b[38;2;226;61;45m    + FullyQualifiedErrorId : DirArgumentError,Microsoft.PowerShell.Commands.GetChildItemCommand\\u001b[39m\\n\\u001b[38;2;226;61;45m\\u001b[39m\\n\\u001b[38;2;226;61;45mCommand exited with code 1\\u001b[39m\",\"_meta\":{\"runtime\":\"node\",\"runtimeVersion\":\"22.14.0\",\"hostname\":\"DESKTOP-O6IL62J\",\"name\":\"clawdbot\",\"date\":\"2026-02-01T01:00:01.841Z\",\"logLevelId\":5,\"logLevelName\":\"ERROR\",\"path\":{\"fullFilePath\":\"file:///C:/Users/Fsuels/AppData/Roaming/npm/node_modules/clawdbot/dist/logging/console.js:187:32\",\"fileName\":\"console.js\",\"fileNameWithLine\":\"console.js:187\",\"fileColumn\":\"32\",\"fileLine\":\"187\",\"filePath\":\"/C:/Users/Fsuels/AppData/Roaming/npm/node_modules/clawdbot/dist/logging/console.js\",\"filePathWithLine\":\"/C:/Users/Fsuels/AppData/Roaming/npm/node_modules/clawdbot/dist/logging/console.js:187\",\"method\":\"console.error\"}},\"time\":\"2026-02-01T01:00:01.841Z\"}",
                         "{\"0\":\"[tools] exec failed: dir : Second path fragment must not be a drive or UNC name.\\r\\nParameter name: path2\\r\\nAt line:1 char:1\\r\\n+ dir \\\"ghost-broker\\\\website\\\\images\\\" /b\\r\\n+ ~~~~~~~~~~~~~~~~~~~~~~~~~~~~~~~~~~~~\\r\\n    + CategoryInfo          : InvalidArgument: (C:\\\\dev\\\\FsuelsBo...\\\\website\\\\images:String) [Get-ChildItem], ArgumentExc \\r\\n   eption\\r\\n    + FullyQualifiedErrorId : DirArgumentError,Microsoft.PowerShell.Commands.GetChildItemCommand\\n\\nCommand exited with code 1\",\"_meta\":{\"runtime\":\"node\",\"runtimeVersion\":\"22.14.0\",\"hostname\":\"DESKTOP-O6IL62J\",\"name\":\"clawdbot\",\"date\":\"2026-02-01T01:00:01.843Z\",\"logLevelId\":5,\"logLevelName\":\"ERROR\",\"path\":{\"fullFilePath\":\"file:///C:/Users/Fsuels/AppData/Roaming/npm/node_modules/clawdbot/dist/logger.js:47:17\",\"fileName\":\"logger.js\",\"fileNameWithLine\":\"logger.js:47\",\"fileColumn\":\"17\",\"fileLine\":\"47\",\"filePath\":\"/C:/Users/Fsuels/AppData/Roaming/npm/node_modules/clawdbot/dist/logger.js\",\"filePathWithLine\":\"/C:/Users/Fsuels/AppData/Roaming/npm/node_modules/clawdbot/dist/logger.js:47\",\"method\":\"logError\"}},\"time\":\"2026-02-01T01:00:01.844Z\"}",
                         "{\"0\":\"\\u001b[38;2;226;61;45m[tools] exec failed: python.exe : ScriptBlock should only be specified as a value of the Command parameter.\\u001b[39m\\r\\n\\u001b[38;2;226;61;45mAt line:1 char:1\\u001b[39m\\r\\n\\u001b[38;2;226;61;45m+ python -c \\\"\\u001b[39m\\r\\n\\u001b[38;2;226;61;45m+ ~~~~~~~~~~~\\u001b[39m\\r\\n\\u001b[38;2;226;61;45m    + CategoryInfo          : InvalidArgument: (:) [], ParameterBindingException\\u001b[39m\\r\\n\\u001b[38;2;226;61;45m    + FullyQualifiedErrorId : IncorrectValueForCommandParameter\\u001b[39m\\n\\u001b[38;2;226;61;45m\\u001b[39m\\n\\u001b[38;2;226;61;45mCommand exited with code 1\\u001b[39m\",\"_meta\":{\"runtime\":\"node\",\"runtimeVersion\":\"22.14.0\",\"hostname\":\"DESKTOP-O6IL62J\",\"name\":\"clawdbot\",\"date\":\"2026-02-01T01:00:17.397Z\",\"logLevelId\":5,\"logLevelName\":\"ERROR\",\"path\":{\"fullFilePath\":\"file:///C:/Users/Fsuels/AppData/Roaming/npm/node_modules/clawdbot/dist/logging/console.js:187:32\",\"fileName\":\"console.js\",\"fileNameWithLine\":\"console.js:187\",\"fileColumn\":\"32\",\"fileLine\":\"187\",\"filePath\":\"/C:/Users/Fsuels/AppData/Roaming/npm/node_modules/clawdbot/dist/logging/console.js\",\"filePathWithLine\":\"/C:/Users/Fsuels/AppData/Roaming/npm/node_modules/clawdbot/dist/logging/console.js:187\",\"method\":\"console.error\"}},\"time\":\"2026-02-01T01:00:17.397Z\"}",
                         "{\"0\":\"[tools] exec failed: python.exe : ScriptBlock should only be specified as a value of the Command parameter.\\r\\nAt line:1 char:1\\r\\n+ python -c \\\"\\r\\n+ ~~~~~~~~~~~\\r\\n    + CategoryInfo          : InvalidArgument: (:) [], ParameterBindingException\\r\\n    + FullyQualifiedErrorId : IncorrectValueForCommandParameter\\n\\nCommand exited with code 1\",\"_meta\":{\"runtime\":\"node\",\"runtimeVersion\":\"22.14.0\",\"hostname\":\"DESKTOP-O6IL62J\",\"name\":\"clawdbot\",\"date\":\"2026-02-01T01:00:17.399Z\",\"logLevelId\":5,\"logLevelName\":\"ERROR\",\"path\":{\"fullFilePath\":\"file:///C:/Users/Fsuels/AppData/Roaming/npm/node_modules/clawdbot/dist/logger.js:47:17\",\"fileName\":\"logger.js\",\"fileNameWithLine\":\"logger.js:47\",\"fileColumn\":\"17\",\"fileLine\":\"47\",\"filePath\":\"/C:/Users/Fsuels/AppData/Roaming/npm/node_modules/clawdbot/dist/logger.js\",\"filePathWithLine\":\"/C:/Users/Fsuels/AppData/Roaming/npm/node_modules/clawdbot/dist/logger.js:47\",\"method\":\"logError\"}},\"time\":\"2026-02-01T01:00:17.400Z\"}",
                         "{\"0\":\"\\u001b[38;2;226;61;45m[tools] exec failed: Traceback (most recent call last):\\u001b[39m\\r\\n\\u001b[38;2;226;61;45m  File \\\"C:\\\\dev\\\\FsuelsBot\\\\workspace\\\\scripts\\\\temp-read-t180-disc.py\\\", line 6, in \u003cmodule\u003e\\u001b[39m\\r\\n\\u001b[38;2;226;61;45m    print(f\\\"{d.get(\u0027author\u0027, \u0027?\u0027)}: {d.get(\u0027message\u0027, \u0027?\u0027)}\\\")\\u001b[39m\\r\\n\\u001b[38;2;226;61;45m    ~~~~~^^^^^^^^^^^^^^^^^^^^^^^^^^^^^^^^^^^^^^^^^^^^^^^^^^^^\\u001b[39m\\r\\n\\u001b[38;2;226;61;45m  File \\\"C:\\\\Python313\\\\Lib\\\\encodings\\\\cp1252.py\\\", line 19, in encode\\u001b[39m\\r\\n\\u001b[38;2;226;61;45m    return codecs.charmap_encode(input,self.errors,encoding_table)[0]\\u001b[39m\\r\\n\\u001b[38;2;226;61;45m           ~~~~~~~~~~~~~~~~~~~~~^^^^^^^^^^^^^^^^^^^^^^^^^^^^^^^^^^\\u001b[39m\\r\\n\\u001b[38;2;226;61;45mUnicodeEncodeError: \u0027charmap\u0027 codec can\u0027t encode character \u0027\\\\U0001f4dd\u0027 in position 29: character maps to \u003cundefined\u003e\\u001b[39m\\n\\u001b[38;2;226;61;45m\\u001b[39m\\n\\u001b[38;2;226;61;45mCommand exited with code 1\\u001b[39m\",\"_meta\":{\"runtime\":\"node\",\"runtimeVersion\":\"22.14.0\",\"hostname\":\"DESKTOP-O6IL62J\",\"name\":\"clawdbot\",\"date\":\"2026-02-01T01:00:25.699Z\",\"logLevelId\":5,\"logLevelName\":\"ERROR\",\"path\":{\"fullFilePath\":\"file:///C:/Users/Fsuels/AppData/Roaming/npm/node_modules/clawdbot/dist/logging/console.js:187:32\",\"fileName\":\"console.js\",\"fileNameWithLine\":\"console.js:187\",\"fileColumn\":\"32\",\"fileLine\":\"187\",\"filePath\":\"/C:/Users/Fsuels/AppData/Roaming/npm/node_modules/clawdbot/dist/logging/console.js\",\"filePathWithLine\":\"/C:/Users/Fsuels/AppData/Roaming/npm/node_modules/clawdbot/dist/logging/console.js:187\",\"method\":\"console.error\"}},\"time\":\"2026-02-01T01:00:25.700Z\"}",
                         "{\"0\":\"[tools] exec failed: Traceback (most recent call last):\\r\\n  File \\\"C:\\\\dev\\\\FsuelsBot\\\\workspace\\\\scripts\\\\temp-read-t180-disc.py\\\", line 6, in \u003cmodule\u003e\\r\\n    print(f\\\"{d.get(\u0027author\u0027, \u0027?\u0027)}: {d.get(\u0027message\u0027, \u0027?\u0027)}\\\")\\r\\n    ~~~~~^^^^^^^^^^^^^^^^^^^^^^^^^^^^^^^^^^^^^^^^^^^^^^^^^^^^\\r\\n  File \\\"C:\\\\Python313\\\\Lib\\\\encodings\\\\cp1252.py\\\", line 19, in encode\\r\\n    return codecs.charmap_encode(input,self.errors,encoding_table)[0]\\r\\n           ~~~~~~~~~~~~~~~~~~~~~^^^^^^^^^^^^^^^^^^^^^^^^^^^^^^^^^^\\r\\nUnicodeEncodeError: \u0027charmap\u0027 codec can\u0027t encode character \u0027\\\\U0001f4dd\u0027 in position 29: character maps to \u003cundefined\u003e\\n\\nCommand exited with code 1\",\"_meta\":{\"runtime\":\"node\",\"runtimeVersion\":\"22.14.0\",\"hostname\":\"DESKTOP-O6IL62J\",\"name\":\"clawdbot\",\"date\":\"2026-02-01T01:00:25.702Z\",\"logLevelId\":5,\"logLevelName\":\"ERROR\",\"path\":{\"fullFilePath\":\"file:///C:/Users/Fsuels/AppData/Roaming/npm/node_modules/clawdbot/dist/logger.js:47:17\",\"fileName\":\"logger.js\",\"fileNameWithLine\":\"logger.js:47\",\"fileColumn\":\"17\",\"fileLine\":\"47\",\"filePath\":\"/C:/Users/Fsuels/AppData/Roaming/npm/node_modules/clawdbot/dist/logger.js\",\"filePathWithLine\":\"/C:/Users/Fsuels/AppData/Roaming/npm/node_modules/clawdbot/dist/logger.js:47\",\"method\":\"logError\"}},\"time\":\"2026-02-01T01:00:25.702Z\"}"
                     ],
    "errorCount":  14,
    "detected":  "2026-01-31T20:01:40-05:00",
    "reason":  "Previous session was active but ended unexpectedly (22 minutes ago)",
    "lastSeen":  "2026-01-31T19:39:56.1621351-05:00"
}
