{
    "recentErrors":  [
                         "{\"0\":\"\\u001b[38;2;226;61;45m[tools] exec failed: sqlite3 : The term \u0027sqlite3\u0027 is not recognized as the name of a cmdlet, function, script file, or operable program. \\u001b[39m\\r\\n\\u001b[38;2;226;61;45mCheck the spelling of the name, or if a path was included, verify that the path is correct and try again.\\u001b[39m\\r\\n\\u001b[38;2;226;61;45mAt line:1 char:1\\u001b[39m\\r\\n\\u001b[38;2;226;61;45m+ sqlite3 learnings.db \\\".schema learnings\\\"\\u001b[39m\\r\\n\\u001b[38;2;226;61;45m+ ~~~~~~~\\u001b[39m\\r\\n\\u001b[38;2;226;61;45m    + CategoryInfo          : ObjectNotFound: (sqlite3:String) [], CommandNotFoundException\\u001b[39m\\r\\n\\u001b[38;2;226;61;45m    + FullyQualifiedErrorId : CommandNotFoundException\\u001b[39m\\n\\u001b[38;2;226;61;45m\\u001b[39m\\n\\u001b[38;2;226;61;45mCommand exited with code 1\\u001b[39m\",\"_meta\":{\"runtime\":\"node\",\"runtimeVersion\":\"22.14.0\",\"hostname\":\"DESKTOP-O6IL62J\",\"name\":\"clawdbot\",\"date\":\"2026-01-31T04:35:33.574Z\",\"logLevelId\":5,\"logLevelName\":\"ERROR\",\"path\":{\"fullFilePath\":\"file:///C:/Users/Fsuels/AppData/Roaming/npm/node_modules/clawdbot/dist/logging/console.js:187:32\",\"fileName\":\"console.js\",\"fileNameWithLine\":\"console.js:187\",\"fileColumn\":\"32\",\"fileLine\":\"187\",\"filePath\":\"/C:/Users/Fsuels/AppData/Roaming/npm/node_modules/clawdbot/dist/logging/console.js\",\"filePathWithLine\":\"/C:/Users/Fsuels/AppData/Roaming/npm/node_modules/clawdbot/dist/logging/console.js:187\",\"method\":\"console.error\"}},\"time\":\"2026-01-31T04:35:33.575Z\"}",
                         "{\"0\":\"[tools] exec failed: sqlite3 : The term \u0027sqlite3\u0027 is not recognized as the name of a cmdlet, function, script file, or operable program. \\r\\nCheck the spelling of the name, or if a path was included, verify that the path is correct and try again.\\r\\nAt line:1 char:1\\r\\n+ sqlite3 learnings.db \\\".schema learnings\\\"\\r\\n+ ~~~~~~~\\r\\n    + CategoryInfo          : ObjectNotFound: (sqlite3:String) [], CommandNotFoundException\\r\\n    + FullyQualifiedErrorId : CommandNotFoundException\\n\\nCommand exited with code 1\",\"_meta\":{\"runtime\":\"node\",\"runtimeVersion\":\"22.14.0\",\"hostname\":\"DESKTOP-O6IL62J\",\"name\":\"clawdbot\",\"date\":\"2026-01-31T04:35:33.577Z\",\"logLevelId\":5,\"logLevelName\":\"ERROR\",\"path\":{\"fullFilePath\":\"file:///C:/Users/Fsuels/AppData/Roaming/npm/node_modules/clawdbot/dist/logger.js:47:17\",\"fileName\":\"logger.js\",\"fileNameWithLine\":\"logger.js:47\",\"fileColumn\":\"17\",\"fileLine\":\"47\",\"filePath\":\"/C:/Users/Fsuels/AppData/Roaming/npm/node_modules/clawdbot/dist/logger.js\",\"filePathWithLine\":\"/C:/Users/Fsuels/AppData/Roaming/npm/node_modules/clawdbot/dist/logger.js:47\",\"method\":\"logError\"}},\"time\":\"2026-01-31T04:35:33.578Z\"}",
                         "{\"0\":\"\\u001b[38;2;226;61;45m[tools] exec failed: File \\\"\u003cstring\u003e\\\", line 7\\u001b[39m\\r\\n\\u001b[38;2;226;61;45m    cursor.execute(\\\" SELECT sql FROM sqlite_master WHERE type=table AND name=learnings\\\\)\\u001b[39m\\r\\n\\u001b[38;2;226;61;45m                   ^\\u001b[39m\\r\\n\\u001b[38;2;226;61;45mSyntaxError: unterminated string literal (detected at line 7)\\u001b[39m\\n\\u001b[38;2;226;61;45m\\u001b[39m\\n\\u001b[38;2;226;61;45mCommand exited with code 1\\u001b[39m\",\"_meta\":{\"runtime\":\"node\",\"runtimeVersion\":\"22.14.0\",\"hostname\":\"DESKTOP-O6IL62J\",\"name\":\"clawdbot\",\"date\":\"2026-01-31T04:35:39.603Z\",\"logLevelId\":5,\"logLevelName\":\"ERROR\",\"path\":{\"fullFilePath\":\"file:///C:/Users/Fsuels/AppData/Roaming/npm/node_modules/clawdbot/dist/logging/console.js:187:32\",\"fileName\":\"console.js\",\"fileNameWithLine\":\"console.js:187\",\"fileColumn\":\"32\",\"fileLine\":\"187\",\"filePath\":\"/C:/Users/Fsuels/AppData/Roaming/npm/node_modules/clawdbot/dist/logging/console.js\",\"filePathWithLine\":\"/C:/Users/Fsuels/AppData/Roaming/npm/node_modules/clawdbot/dist/logging/console.js:187\",\"method\":\"console.error\"}},\"time\":\"2026-01-31T04:35:39.604Z\"}",
                         "{\"0\":\"[tools] exec failed: File \\\"\u003cstring\u003e\\\", line 7\\r\\n    cursor.execute(\\\" SELECT sql FROM sqlite_master WHERE type=table AND name=learnings\\\\)\\r\\n                   ^\\r\\nSyntaxError: unterminated string literal (detected at line 7)\\n\\nCommand exited with code 1\",\"_meta\":{\"runtime\":\"node\",\"runtimeVersion\":\"22.14.0\",\"hostname\":\"DESKTOP-O6IL62J\",\"name\":\"clawdbot\",\"date\":\"2026-01-31T04:35:39.607Z\",\"logLevelId\":5,\"logLevelName\":\"ERROR\",\"path\":{\"fullFilePath\":\"file:///C:/Users/Fsuels/AppData/Roaming/npm/node_modules/clawdbot/dist/logger.js:47:17\",\"fileName\":\"logger.js\",\"fileNameWithLine\":\"logger.js:47\",\"fileColumn\":\"17\",\"fileLine\":\"47\",\"filePath\":\"/C:/Users/Fsuels/AppData/Roaming/npm/node_modules/clawdbot/dist/logger.js\",\"filePathWithLine\":\"/C:/Users/Fsuels/AppData/Roaming/npm/node_modules/clawdbot/dist/logger.js:47\",\"method\":\"logError\"}},\"time\":\"2026-01-31T04:35:39.607Z\"}",
                         "{\"0\":\"\\u001b[38;2;226;61;45m[tools] exec failed: File \\\"\u003cstring\u003e\\\", line 11\\u001b[39m\\r\\n\\u001b[38;2;226;61;45m    cur.execute(\u0027\u0027\u0027\\u001b[39m\\r\\n\\u001b[38;2;226;61;45m                ^\\u001b[39m\\r\\n\\u001b[38;2;226;61;45mSyntaxError: unterminated triple-quoted string literal (detected at line 16)\\u001b[39m\\n\\u001b[38;2;226;61;45m\\u001b[39m\\n\\u001b[38;2;226;61;45mCommand exited with code 1\\u001b[39m\",\"_meta\":{\"runtime\":\"node\",\"runtimeVersion\":\"22.14.0\",\"hostname\":\"DESKTOP-O6IL62J\",\"name\":\"clawdbot\",\"date\":\"2026-01-31T04:35:56.460Z\",\"logLevelId\":5,\"logLevelName\":\"ERROR\",\"path\":{\"fullFilePath\":\"file:///C:/Users/Fsuels/AppData/Roaming/npm/node_modules/clawdbot/dist/logging/console.js:187:32\",\"fileName\":\"console.js\",\"fileNameWithLine\":\"console.js:187\",\"fileColumn\":\"32\",\"fileLine\":\"187\",\"filePath\":\"/C:/Users/Fsuels/AppData/Roaming/npm/node_modules/clawdbot/dist/logging/console.js\",\"filePathWithLine\":\"/C:/Users/Fsuels/AppData/Roaming/npm/node_modules/clawdbot/dist/logging/console.js:187\",\"method\":\"console.error\"}},\"time\":\"2026-01-31T04:35:56.460Z\"}",
                         "{\"0\":\"[tools] exec failed: File \\\"\u003cstring\u003e\\\", line 11\\r\\n    cur.execute(\u0027\u0027\u0027\\r\\n                ^\\r\\nSyntaxError: unterminated triple-quoted string literal (detected at line 16)\\n\\nCommand exited with code 1\",\"_meta\":{\"runtime\":\"node\",\"runtimeVersion\":\"22.14.0\",\"hostname\":\"DESKTOP-O6IL62J\",\"name\":\"clawdbot\",\"date\":\"2026-01-31T04:35:56.462Z\",\"logLevelId\":5,\"logLevelName\":\"ERROR\",\"path\":{\"fullFilePath\":\"file:///C:/Users/Fsuels/AppData/Roaming/npm/node_modules/clawdbot/dist/logger.js:47:17\",\"fileName\":\"logger.js\",\"fileNameWithLine\":\"logger.js:47\",\"fileColumn\":\"17\",\"fileLine\":\"47\",\"filePath\":\"/C:/Users/Fsuels/AppData/Roaming/npm/node_modules/clawdbot/dist/logger.js\",\"filePathWithLine\":\"/C:/Users/Fsuels/AppData/Roaming/npm/node_modules/clawdbot/dist/logger.js:47\",\"method\":\"logError\"}},\"time\":\"2026-01-31T04:35:56.462Z\"}",
                         "{\"0\":\"\\u001b[38;2;226;61;45m[tools] exec failed: [OK] View updated: ORDER BY is_pinned DESC, last_accessed_at DESC\\u001b[39m\\r\\n\\u001b[38;2;226;61;45m[OK] Index added: idx_learning_last_accessed\\u001b[39m\\r\\n\\u001b[38;2;226;61;45m[OK] Initialized last_accessed_at for 47 records\\u001b[39m\\r\\n\\u001b[38;2;226;61;45mTraceback (most recent call last):\\u001b[39m\\r\\n\\u001b[38;2;226;61;45m  File \\\"C:\\\\dev\\\\FsuelsBot\\\\workspace\\\\scripts\\\\update-learnings-view.py\\\", line 47, in \u003cmodule\u003e\\u001b[39m\\r\\n\\u001b[38;2;226;61;45m    main()\\u001b[39m\\r\\n\\u001b[38;2;226;61;45m    ~~~~^^\\u001b[39m\\r\\n\\u001b[38;2;226;61;45m  File \\\"C:\\\\dev\\\\FsuelsBot\\\\workspace\\\\scripts\\\\update-learnings-view.py\\\", line 44, in main\\u001b[39m\\r\\n\\u001b[38;2;226;61;45m    print(\u0027\\\\n\\\\u2705 Memory decay (pin + recency sort) implemented!\u0027)\\u001b[39m\\r\\n\\u001b[38;2;226;61;45m    ~~~~~^^^^^^^^^^^^^^^^^^^^^^^^^^^^^^^^^^^^^^^^^^^^^^^^^^^^^^^\\u001b[39m\\r\\n\\u001b[38;2;226;61;45m  File \\\"C:\\\\Python313\\\\Lib\\\\encodings\\\\cp1252.py\\\", line 19, in encode\\u001b[39m\\r\\n\\u001b[38;2;226;61;45m    return codecs.charmap_encode(input,self.errors,encoding_table)[0]\\u001b[39m\\r\\n\\u001b[38;2;226;61;45m           ~~~~~~~~~~~~~~~~~~~~~^^^^^^^^^^^^^^^^^^^^^^^^^^^^^^^^^^\\u001b[39m\\r\\n\\u001b[38;2;226;61;45mUnicodeEncodeError: \u0027charmap\u0027 codec can\u0027t encode character \u0027\\\\u2705\u0027 in position 2: character maps to \u003cundefined\u003e\\u001b[39m\\n\\u001b[38;2;226;61;45m\\u001b[39m\\n\\u001b[38;2;226;61;45mCommand exited with code 1\\u001b[39m\",\"_meta\":{\"runtime\":\"node\",\"runtimeVersion\":\"22.14.0\",\"hostname\":\"DESKTOP-O6IL62J\",\"name\":\"clawdbot\",\"date\":\"2026-01-31T04:36:08.702Z\",\"logLevelId\":5,\"logLevelName\":\"ERROR\",\"path\":{\"fullFilePath\":\"file:///C:/Users/Fsuels/AppData/Roaming/npm/node_modules/clawdbot/dist/logging/console.js:187:32\",\"fileName\":\"console.js\",\"fileNameWithLine\":\"console.js:187\",\"fileColumn\":\"32\",\"fileLine\":\"187\",\"filePath\":\"/C:/Users/Fsuels/AppData/Roaming/npm/node_modules/clawdbot/dist/logging/console.js\",\"filePathWithLine\":\"/C:/Users/Fsuels/AppData/Roaming/npm/node_modules/clawdbot/dist/logging/console.js:187\",\"method\":\"console.error\"}},\"time\":\"2026-01-31T04:36:08.702Z\"}",
                         "{\"0\":\"[tools] exec failed: [OK] View updated: ORDER BY is_pinned DESC, last_accessed_at DESC\\r\\n[OK] Index added: idx_learning_last_accessed\\r\\n[OK] Initialized last_accessed_at for 47 records\\r\\nTraceback (most recent call last):\\r\\n  File \\\"C:\\\\dev\\\\FsuelsBot\\\\workspace\\\\scripts\\\\update-learnings-view.py\\\", line 47, in \u003cmodule\u003e\\r\\n    main()\\r\\n    ~~~~^^\\r\\n  File \\\"C:\\\\dev\\\\FsuelsBot\\\\workspace\\\\scripts\\\\update-learnings-view.py\\\", line 44, in main\\r\\n    print(\u0027\\\\n\\\\u2705 Memory decay (pin + recency sort) implemented!\u0027)\\r\\n    ~~~~~^^^^^^^^^^^^^^^^^^^^^^^^^^^^^^^^^^^^^^^^^^^^^^^^^^^^^^^\\r\\n  File \\\"C:\\\\Python313\\\\Lib\\\\encodings\\\\cp1252.py\\\", line 19, in encode\\r\\n    return codecs.charmap_encode(input,self.errors,encoding_table)[0]\\r\\n           ~~~~~~~~~~~~~~~~~~~~~^^^^^^^^^^^^^^^^^^^^^^^^^^^^^^^^^^\\r\\nUnicodeEncodeError: \u0027charmap\u0027 codec can\u0027t encode character \u0027\\\\u2705\u0027 in position 2: character maps to \u003cundefined\u003e\\n\\nCommand exited with code 1\",\"_meta\":{\"runtime\":\"node\",\"runtimeVersion\":\"22.14.0\",\"hostname\":\"DESKTOP-O6IL62J\",\"name\":\"clawdbot\",\"date\":\"2026-01-31T04:36:08.704Z\",\"logLevelId\":5,\"logLevelName\":\"ERROR\",\"path\":{\"fullFilePath\":\"file:///C:/Users/Fsuels/AppData/Roaming/npm/node_modules/clawdbot/dist/logger.js:47:17\",\"fileName\":\"logger.js\",\"fileNameWithLine\":\"logger.js:47\",\"fileColumn\":\"17\",\"fileLine\":\"47\",\"filePath\":\"/C:/Users/Fsuels/AppData/Roaming/npm/node_modules/clawdbot/dist/logger.js\",\"filePathWithLine\":\"/C:/Users/Fsuels/AppData/Roaming/npm/node_modules/clawdbot/dist/logger.js:47\",\"method\":\"logError\"}},\"time\":\"2026-01-31T04:36:08.705Z\"}",
                         "{\"0\":\"\\u001b[38;2;226;61;45m[tools] exec failed: File \\\"\u003cstring\u003e\\\", line 25\\u001b[39m\\r\\n\\u001b[38;2;226;61;45m    print(f\u0027Next: {next_task} - {tasks[\\\" tasks\\\\].get(next_task,\\u001b[39m\\r\\n\\u001b[38;2;226;61;45m                                       ^\\u001b[39m\\r\\n\\u001b[38;2;226;61;45mSyntaxError: unterminated string literal (detected at line 25)\\u001b[39m\\n\\u001b[38;2;226;61;45m\\u001b[39m\\n\\u001b[38;2;226;61;45mCommand exited with code 1\\u001b[39m\",\"_meta\":{\"runtime\":\"node\",\"runtimeVersion\":\"22.14.0\",\"hostname\":\"DESKTOP-O6IL62J\",\"name\":\"clawdbot\",\"date\":\"2026-01-31T04:40:22.515Z\",\"logLevelId\":5,\"logLevelName\":\"ERROR\",\"path\":{\"fullFilePath\":\"file:///C:/Users/Fsuels/AppData/Roaming/npm/node_modules/clawdbot/dist/logging/console.js:187:32\",\"fileName\":\"console.js\",\"fileNameWithLine\":\"console.js:187\",\"fileColumn\":\"32\",\"fileLine\":\"187\",\"filePath\":\"/C:/Users/Fsuels/AppData/Roaming/npm/node_modules/clawdbot/dist/logging/console.js\",\"filePathWithLine\":\"/C:/Users/Fsuels/AppData/Roaming/npm/node_modules/clawdbot/dist/logging/console.js:187\",\"method\":\"console.error\"}},\"time\":\"2026-01-31T04:40:22.515Z\"}",
                         "{\"0\":\"[tools] exec failed: File \\\"\u003cstring\u003e\\\", line 25\\r\\n    print(f\u0027Next: {next_task} - {tasks[\\\" tasks\\\\].get(next_task,\\r\\n                                       ^\\r\\nSyntaxError: unterminated string literal (detected at line 25)\\n\\nCommand exited with code 1\",\"_meta\":{\"runtime\":\"node\",\"runtimeVersion\":\"22.14.0\",\"hostname\":\"DESKTOP-O6IL62J\",\"name\":\"clawdbot\",\"date\":\"2026-01-31T04:40:22.518Z\",\"logLevelId\":5,\"logLevelName\":\"ERROR\",\"path\":{\"fullFilePath\":\"file:///C:/Users/Fsuels/AppData/Roaming/npm/node_modules/clawdbot/dist/logger.js:47:17\",\"fileName\":\"logger.js\",\"fileNameWithLine\":\"logger.js:47\",\"fileColumn\":\"17\",\"fileLine\":\"47\",\"filePath\":\"/C:/Users/Fsuels/AppData/Roaming/npm/node_modules/clawdbot/dist/logger.js\",\"filePathWithLine\":\"/C:/Users/Fsuels/AppData/Roaming/npm/node_modules/clawdbot/dist/logger.js:47\",\"method\":\"logError\"}},\"time\":\"2026-01-31T04:40:22.518Z\"}"
                     ],
    "errorCount":  20,
    "detected":  "2026-01-30T23:46:13-05:00",
    "reason":  "Previous session was active but ended unexpectedly (13 minutes ago)",
    "lastSeen":  "2026-01-30T23:32:49.5314131-05:00"
}
